<?xml version="1.0" encoding="UTF-8"?>
<testsuite xmlns:xsi="http://www.w3.org/2001/XMLSchema-instance" xsi:noNamespaceSchemaLocation="https://maven.apache.org/surefire/maven-surefire-plugin/xsd/surefire-test-report.xsd" name="it.polimi.ingsw.model.storage.StandardDepotTest" time="0.001" tests="5" errors="0" skipped="0" failures="0">
  <properties>
[...]
</properties>
  <testcase name="removeResource" classname="it.polimi.ingsw.model.storage.StandardDepotTest" time="0"/>
  <testcase name="getOccupied" classname="it.polimi.ingsw.model.storage.StandardDepotTest" time="0"/>
  <testcase name="addResource" classname="it.polimi.ingsw.model.storage.StandardDepotTest" time="0"/>
  <testcase name="getSize" classname="it.polimi.ingsw.model.storage.StandardDepotTest" time="0"/>
  <testcase name="getResourceType" classname="it.polimi.ingsw.model.storage.StandardDepotTest" time="0"/>
</testsuite>